C:\USERS\HP\DESKTOP\WINPCAP DLL UTITLES\DPCCAPLIB\DPCCAPLIB\DEBUG\SOURCE.OBJ
C:\USERS\HP\DESKTOP\WINPCAP DLL UTITLES\DPCCAPLIB\DPCCAPLIB\DEBUG\VC110.PDB
C:\Users\HP\Desktop\Winpcap dll utitles\DpcCapLib\Debug\DpcCapLib.lib
C:\Users\HP\Desktop\Winpcap dll utitles\DpcCapLib\Debug\DpcCapLib.exp
C:\USERS\HP\DESKTOP\WINPCAP DLL UTITLES\DPCCAPLIB\DEBUG\DPCCAPLIB.ILK
C:\USERS\HP\DESKTOP\WINPCAP DLL UTITLES\DPCCAPLIB\DEBUG\DPCCAPLIB.DLL
C:\USERS\HP\DESKTOP\WINPCAP DLL UTITLES\DPCCAPLIB\DEBUG\DPCCAPLIB.PDB
C:\Users\HP\Desktop\Winpcap dll utitles\DpcCapLib\DpcCapLib\Debug\Source.obj
C:\Users\HP\Desktop\Winpcap dll utitles\DpcCapLib\DpcCapLib\Debug\cl.command.1.tlog
C:\Users\HP\Desktop\Winpcap dll utitles\DpcCapLib\DpcCapLib\Debug\CL.read.1.tlog
C:\Users\HP\Desktop\Winpcap dll utitles\DpcCapLib\DpcCapLib\Debug\CL.write.1.tlog
C:\Users\HP\Desktop\Winpcap dll utitles\DpcCapLib\DpcCapLib\Debug\DpcCapLib.write.1.tlog
C:\Users\HP\Desktop\Winpcap dll utitles\DpcCapLib\DpcCapLib\Debug\link-cvtres.read.1.tlog
C:\Users\HP\Desktop\Winpcap dll utitles\DpcCapLib\DpcCapLib\Debug\link-cvtres.write.1.tlog
C:\Users\HP\Desktop\Winpcap dll utitles\DpcCapLib\DpcCapLib\Debug\link-rc.read.1.tlog
C:\Users\HP\Desktop\Winpcap dll utitles\DpcCapLib\DpcCapLib\Debug\link-rc.write.1.tlog
C:\Users\HP\Desktop\Winpcap dll utitles\DpcCapLib\DpcCapLib\Debug\link.command.1.tlog
C:\Users\HP\Desktop\Winpcap dll utitles\DpcCapLib\DpcCapLib\Debug\link.read.1.tlog
C:\Users\HP\Desktop\Winpcap dll utitles\DpcCapLib\DpcCapLib\Debug\link.write.1.tlog
C:\Users\HP\Desktop\Winpcap dll utitles\DpcCapLib\DpcCapLib\Debug\vc110.idb
C:\Users\HP\Desktop\Winpcap dll utitles\DpcCapLib\DpcCapLib\Debug\vc110.pdb
C:\Users\HP\Desktop\Winpcap dll utitles\DpcCapLib\Debug\DpcCapLib.pdb
C:\Users\HP\Desktop\Winpcap dll utitles\DpcCapLib\Debug\DpcCapLib.dll
C:\Users\HP\Desktop\Winpcap dll utitles\DpcCapLib\Debug\DpcCapLib.ilk
